<?xml version="1.0" encoding="UTF-8"?>
<!-- Generated by org.testng.reporters.JUnitReportReporter -->
<testsuite hostname="LAPTOP-U66FBCGM" failures="0" tests="10" name="INTERVIEW_JAVA.ToReadExcelData" time="0.463" errors="0" timestamp="2024-11-30T21:38:18 IST" skipped="9">
  <testcase classname="INTERVIEW_JAVA.ToReadExcelData" name="MouseKeyboardActionsDemo" time="0.463"/>
  <system-out/>
  <testcase classname="INTERVIEW_JAVA.ToReadExcelData" name="InvokeMethod">
    <skipped/>
  </testcase> <!-- InvokeMethod -->
  <system-out/>
  <testcase classname="INTERVIEW_JAVA.ToReadExcelData" name="getScreenShotAsBase64">
    <skipped/>
  </testcase> <!-- getScreenShotAsBase64 -->
  <system-out/>
  <testcase classname="INTERVIEW_JAVA.ToReadExcelData" name="toWriteDataUsingForEachLoop">
    <skipped/>
  </testcase> <!-- toWriteDataUsingForEachLoop -->
  <system-out/>
  <testcase classname="INTERVIEW_JAVA.ToReadExcelData" name="readExcelData1">
    <skipped/>
  </testcase> <!-- readExcelData1 -->
  <system-out/>
  <testcase classname="INTERVIEW_JAVA.ToReadExcelData" name="webdriverDemo">
    <skipped/>
  </testcase> <!-- webdriverDemo -->
  <system-out/>
  <testcase classname="INTERVIEW_JAVA.ToReadExcelData" name="getScreenShotAsFile">
    <skipped/>
  </testcase> <!-- getScreenShotAsFile -->
  <system-out/>
  <testcase classname="INTERVIEW_JAVA.ToReadExcelData" name="toWriteData">
    <skipped/>
  </testcase> <!-- toWriteData -->
  <system-out/>
  <testcase classname="INTERVIEW_JAVA.ToReadExcelData" name="enterNames">
    <skipped/>
  </testcase> <!-- enterNames -->
  <system-out/>
  <testcase classname="INTERVIEW_JAVA.ToReadExcelData" name="readExcelData">
    <skipped/>
  </testcase> <!-- readExcelData -->
  <system-out/>
</testsuite> <!-- INTERVIEW_JAVA.ToReadExcelData -->
