<?xml version="1.0" encoding="UTF-8"?>
<!-- Generated by org.testng.reporters.JUnitReportReporter -->
<testsuite hostname="LAPTOP-U66FBCGM" failures="0" tests="2" name="SELENIUM_BASICS.DataProviderDemo" time="0.009" errors="0" timestamp="2024-10-23T23:38:49 IST" skipped="0">
  <testcase classname="SELENIUM_BASICS.DataProviderDemo" name="printNames" time="0.001"/>
  <system-out/>
  <testcase classname="SELENIUM_BASICS.DataProviderDemo" name="printNames" time="0.008"/>
  <system-out/>
</testsuite> <!-- SELENIUM_BASICS.DataProviderDemo -->
