<?xml version="1.0" encoding="UTF-8"?>
<!-- Generated by org.testng.reporters.JUnitReportReporter -->
<testsuite hostname="LAPTOP-U66FBCGM" failures="0" tests="1" name="com.selenium.concepts.DBTestDemo" time="0.813" errors="0" timestamp="2024-04-18T12:49:10 IST" skipped="0">
  <testcase classname="com.selenium.concepts.DBTestDemo" name="test" time="0.813"/>
  <system-out/>
</testsuite> <!-- com.selenium.concepts.DBTestDemo -->
