<?xml version="1.0" encoding="UTF-8"?>
<!-- Generated by org.testng.reporters.JUnitReportReporter -->
<testsuite hostname="LAPTOP-U66FBCGM" failures="0" tests="1" name="INTERVIEW_JAVA.Log4jDemo" time="0.142" errors="0" timestamp="2024-11-20T23:30:35 IST" skipped="0">
  <testcase classname="INTERVIEW_JAVA.Log4jDemo" name="logger" time="0.142"/>
  <system-out/>
</testsuite> <!-- INTERVIEW_JAVA.Log4jDemo -->
