<?xml version="1.0" encoding="UTF-8"?>
<!-- Generated by org.testng.reporters.JUnitReportReporter -->
<testsuite hostname="LAPTOP-U66FBCGM" failures="0" tests="1" name="com.selenium.concepts.ParticularElement" time="4.854" errors="0" timestamp="2024-04-19T18:37:43 IST" skipped="0">
  <testcase classname="com.selenium.concepts.ParticularElement" name="getImage" time="4.854"/>
  <system-out/>
</testsuite> <!-- com.selenium.concepts.ParticularElement -->
