<?xml version="1.0" encoding="UTF-8"?>
<!-- Generated by org.testng.reporters.JUnitReportReporter -->
<testsuite hostname="LAPTOP-U66FBCGM" failures="0" tests="1" name="com.rajesh.interview.LTICareer" time="1.180" errors="0" timestamp="2024-04-09T11:50:23 IST" skipped="0">
  <testcase classname="com.rajesh.interview.LTICareer" name="checkLTI" time="1.180"/>
  <system-out/>
</testsuite> <!-- com.rajesh.interview.LTICareer -->
