<?xml version="1.0" encoding="UTF-8"?>
<!-- Generated by org.testng.reporters.JUnitReportReporter -->
<testsuite hostname="LAPTOP-U66FBCGM" failures="0" tests="1" name="com.rajesh.interview.RedBus" time="6.486" errors="0" timestamp="2024-02-22T11:54:58 IST" skipped="0">
  <testcase classname="com.rajesh.interview.RedBus" name="redBusJourney" time="6.486"/>
  <system-out/>
</testsuite> <!-- com.rajesh.interview.RedBus -->
