<?xml version="1.0" encoding="UTF-8"?>
<!-- Generated by org.testng.reporters.JUnitReportReporter -->
<testsuite hostname="LAPTOP-U66FBCGM" failures="0" tests="2" name="com.selenium.concepts.FactoryDemo1" time="0.002" errors="0" timestamp="2024-02-22T15:01:21 IST" skipped="0">
  <testcase classname="com.selenium.concepts.FactoryDemo1" name="test1" time="0.001"/>
  <system-out/>
  <testcase classname="com.selenium.concepts.FactoryDemo1" name="test2" time="0.001"/>
  <system-out/>
</testsuite> <!-- com.selenium.concepts.FactoryDemo1 -->
