<?xml version="1.0" encoding="UTF-8"?>
<!-- Generated by org.testng.reporters.JUnitReportReporter -->
<testsuite hostname="LAPTOP-U66FBCGM" failures="0" tests="1" name="com.rajesh.interview.AmazonBuyProduct" time="56.655" errors="0" timestamp="2024-04-09T11:54:31 IST" skipped="0">
  <testcase classname="com.rajesh.interview.AmazonBuyProduct" name="buyIPHONE" time="56.655"/>
  <system-out/>
</testsuite> <!-- com.rajesh.interview.AmazonBuyProduct -->
