<?xml version="1.0" encoding="UTF-8"?>
<!-- Generated by org.testng.reporters.JUnitReportReporter -->
<testsuite hostname="LAPTOP-U66FBCGM" failures="0" tests="1" name="Utilities.TravelcityDateSelection" time="12.892" errors="0" timestamp="2024-04-24T16:08:42 IST" skipped="0">
  <testcase classname="Utilities.TravelcityDateSelection" name="date" time="12.892"/>
  <system-out/>
</testsuite> <!-- Utilities.TravelcityDateSelection -->
