<?xml version="1.0" encoding="UTF-8"?>
<!-- Generated by org.testng.reporters.JUnitReportReporter -->
<testsuite hostname="LAPTOP-U66FBCGM" failures="0" tests="1" name="SELENIUM_BASICS.LOCATORS" time="4.266" errors="0" timestamp="2024-10-20T19:54:13 IST" skipped="0">
  <testcase classname="SELENIUM_BASICS.LOCATORS" name="findElement" time="4.266"/>
  <system-out/>
</testsuite> <!-- SELENIUM_BASICS.LOCATORS -->
