<?xml version="1.0" encoding="UTF-8"?>
<!-- Generated by org.testng.reporters.JUnitReportReporter -->
<testsuite hostname="LAPTOP-U66FBCGM" failures="0" tests="25" name="com.selenium.concepts.SeleniumPractice" time="0.339" errors="0" timestamp="2024-03-08T18:00:34 IST" skipped="24">
  <testcase classname="com.selenium.concepts.SeleniumPractice" name="fileDownloadUsingRobot" time="0.339"/>
  <system-out/>
  <testcase classname="com.selenium.concepts.SeleniumPractice" name="takeScreenShotDemo">
    <skipped/>
  </testcase> <!-- takeScreenShotDemo -->
  <system-out/>
  <testcase classname="com.selenium.concepts.SeleniumPractice" name="JavaScriptExecutorDemo">
    <skipped/>
  </testcase> <!-- JavaScriptExecutorDemo -->
  <system-out/>
  <testcase classname="com.selenium.concepts.SeleniumPractice" name="NavigateCommand">
    <skipped/>
  </testcase> <!-- NavigateCommand -->
  <system-out/>
  <testcase classname="com.selenium.concepts.SeleniumPractice" name="FileOutputStreamDemo">
    <skipped/>
  </testcase> <!-- FileOutputStreamDemo -->
  <system-out/>
  <testcase classname="com.selenium.concepts.SeleniumPractice" name="fileUploadSikuli">
    <skipped/>
  </testcase> <!-- fileUploadSikuli -->
  <system-out/>
  <testcase classname="com.selenium.concepts.SeleniumPractice" name="writeToExcel">
    <skipped/>
  </testcase> <!-- writeToExcel -->
  <system-out/>
  <testcase classname="com.selenium.concepts.SeleniumPractice" name="WaitDemo1">
    <skipped/>
  </testcase> <!-- WaitDemo1 -->
  <system-out/>
  <testcase classname="com.selenium.concepts.SeleniumPractice" name="findLinksINGooglePage">
    <skipped/>
  </testcase> <!-- findLinksINGooglePage -->
  <system-out/>
  <testcase classname="com.selenium.concepts.SeleniumPractice" name="fileUpload">
    <skipped/>
  </testcase> <!-- fileUpload -->
  <system-out/>
  <testcase classname="com.selenium.concepts.SeleniumPractice" name="Locators">
    <skipped/>
  </testcase> <!-- Locators -->
  <system-out/>
  <testcase classname="com.selenium.concepts.SeleniumPractice" name="DesiredCapabilitiesTest">
    <skipped/>
  </testcase> <!-- DesiredCapabilitiesTest -->
  <system-out/>
  <testcase classname="com.selenium.concepts.SeleniumPractice" name="findAppsINGoogleHomePage">
    <skipped/>
  </testcase> <!-- findAppsINGoogleHomePage -->
  <system-out/>
  <testcase classname="com.selenium.concepts.SeleniumPractice" name="MouseEvents">
    <skipped/>
  </testcase> <!-- MouseEvents -->
  <system-out/>
  <testcase classname="com.selenium.concepts.SeleniumPractice" name="fileDownload">
    <skipped/>
  </testcase> <!-- fileDownload -->
  <system-out/>
  <testcase classname="com.selenium.concepts.SeleniumPractice" name="setDate">
    <skipped/>
  </testcase> <!-- setDate -->
  <system-out/>
  <testcase classname="com.selenium.concepts.SeleniumPractice" name="FluentWaitDemo">
    <skipped/>
  </testcase> <!-- FluentWaitDemo -->
  <system-out/>
  <testcase classname="com.selenium.concepts.SeleniumPractice" name="compareScreenshotImages">
    <skipped/>
  </testcase> <!-- compareScreenshotImages -->
  <system-out/>
  <testcase classname="com.selenium.concepts.SeleniumPractice" name="resetWindowSize">
    <skipped/>
  </testcase> <!-- resetWindowSize -->
  <system-out/>
  <testcase classname="com.selenium.concepts.SeleniumPractice" name="ExplicitWaitDemo">
    <skipped/>
  </testcase> <!-- ExplicitWaitDemo -->
  <system-out/>
  <testcase classname="com.selenium.concepts.SeleniumPractice" name="alert">
    <skipped/>
  </testcase> <!-- alert -->
  <system-out/>
  <testcase classname="com.selenium.concepts.SeleniumPractice" name="fileExists">
    <skipped/>
  </testcase> <!-- fileExists -->
  <system-out/>
  <testcase classname="com.selenium.concepts.SeleniumPractice" name="readDataFromExcel">
    <skipped/>
  </testcase> <!-- readDataFromExcel -->
  <system-out/>
  <testcase classname="com.selenium.concepts.SeleniumPractice" name="DragDropDemo">
    <skipped/>
  </testcase> <!-- DragDropDemo -->
  <system-out/>
  <testcase classname="com.selenium.concepts.SeleniumPractice" name="screenShotByAshot">
    <skipped/>
  </testcase> <!-- screenShotByAshot -->
  <system-out/>
</testsuite> <!-- com.selenium.concepts.SeleniumPractice -->
