<?xml version="1.0" encoding="UTF-8"?>
<!-- Generated by org.testng.reporters.JUnitReportReporter -->
<testsuite hostname="LAPTOP-U66FBCGM" failures="0" tests="2" name="com.rajesh.interview.SelectDate" time="6.919" errors="0" timestamp="2024-02-14T20:01:03 IST" skipped="1">
  <testcase classname="com.rajesh.interview.SelectDate" name="openBrowser" time="6.919"/>
  <system-out/>
  <testcase classname="com.rajesh.interview.SelectDate" name="SelectDate1">
    <skipped/>
  </testcase> <!-- SelectDate1 -->
  <system-out/>
</testsuite> <!-- com.rajesh.interview.SelectDate -->
