<?xml version="1.0" encoding="UTF-8"?>
<!-- Generated by org.testng.reporters.JUnitReportReporter -->
<testsuite hostname="LAPTOP-U66FBCGM" failures="0" tests="2" name="Utilities.DateDemo" time="0.052" errors="0" timestamp="2024-04-24T14:06:50 IST" skipped="1">
  <testcase classname="Utilities.DateDemo" name="selectData" time="0.052"/>
  <system-out/>
  <testcase classname="Utilities.DateDemo" name="InvocationCountDemo">
    <skipped/>
  </testcase> <!-- InvocationCountDemo -->
  <system-out/>
</testsuite> <!-- Utilities.DateDemo -->
