<?xml version="1.0" encoding="UTF-8"?>
<!-- Generated by org.testng.reporters.JUnitReportReporter -->
<testsuite hostname="LAPTOP-U66FBCGM" failures="0" tests="1" name="com.selenium.concepts.FileUploadDemo" time="11.490" errors="0" timestamp="2024-03-18T23:03:18 IST" skipped="0">
  <testcase classname="com.selenium.concepts.FileUploadDemo" name="upload" time="11.490"/>
  <system-out/>
</testsuite> <!-- com.selenium.concepts.FileUploadDemo -->
