<?xml version="1.0" encoding="UTF-8"?>
<!-- Generated by org.testng.reporters.JUnitReportReporter -->
<testsuite hostname="LAPTOP-U66FBCGM" failures="0" tests="1" name="com.selenium.concepts.JQueryDropDown" time="8.731" errors="0" timestamp="2024-04-03T13:53:11 IST" skipped="0">
  <testcase classname="com.selenium.concepts.JQueryDropDown" name="select" time="8.731"/>
  <system-out/>
</testsuite> <!-- com.selenium.concepts.JQueryDropDown -->
