<?xml version="1.0" encoding="UTF-8"?>
<!-- Generated by org.testng.reporters.JUnitReportReporter -->
<testsuite hostname="LAPTOP-U66FBCGM" failures="0" tests="1" name="com.selenium.concepts.FileUploadSikuli" time="21.264" errors="0" timestamp="2024-04-03T14:37:55 IST" skipped="0">
  <testcase classname="com.selenium.concepts.FileUploadSikuli" name="upload" time="21.264"/>
  <system-out/>
</testsuite> <!-- com.selenium.concepts.FileUploadSikuli -->
