<?xml version="1.0" encoding="UTF-8"?>
<!-- Generated by org.testng.reporters.JUnitReportReporter -->
<testsuite hostname="LAPTOP-U66FBCGM" failures="0" tests="1" name="com.selenium.concepts.ANCHOR_TAGS" time="7.764" errors="0" timestamp="2024-10-19T22:11:18 IST" skipped="0">
  <testcase classname="com.selenium.concepts.ANCHOR_TAGS" name="findAnchorTags" time="7.764"/>
  <system-out/>
</testsuite> <!-- com.selenium.concepts.ANCHOR_TAGS -->
