<?xml version="1.0" encoding="UTF-8"?>
<!-- Generated by org.testng.reporters.JUnitReportReporter -->
<testsuite hostname="LAPTOP-U66FBCGM" failures="0" tests="1" name="SELENIUM_BASICS.SELENIUMBASICS" time="4.951" errors="0" timestamp="2024-11-12T22:35:16 IST" skipped="0">
  <testcase classname="SELENIUM_BASICS.SELENIUMBASICS" name="openGoogle" time="4.951"/>
  <system-out/>
</testsuite> <!-- SELENIUM_BASICS.SELENIUMBASICS -->
