<?xml version="1.0" encoding="UTF-8"?>
<!-- Generated by org.testng.reporters.JUnitReportReporter -->
<testsuite hostname="LAPTOP-U66FBCGM" failures="0" tests="2" name="com.selenium.concepts.FactoryDemo" time="0.012" errors="0" timestamp="2024-02-22T15:01:21 IST" skipped="0">
  <testcase classname="com.selenium.concepts.FactoryDemo" name="test1" time="0.010"/>
  <system-out/>
  <testcase classname="com.selenium.concepts.FactoryDemo" name="test2" time="0.002"/>
  <system-out/>
</testsuite> <!-- com.selenium.concepts.FactoryDemo -->
