<?xml version="1.0" encoding="UTF-8"?>
<!-- Generated by org.testng.reporters.JUnitReportReporter -->
<testsuite hostname="LAPTOP-U66FBCGM" failures="0" tests="6" name="INTERVIEW_JAVA.ToReadExcelData" time="0.009" errors="0" timestamp="2024-11-21T17:34:14 IST" skipped="5">
  <testcase classname="INTERVIEW_JAVA.ToReadExcelData" name="enterNames" time="0.009"/>
  <system-out/>
  <testcase classname="INTERVIEW_JAVA.ToReadExcelData" name="readExcelData">
    <skipped/>
  </testcase> <!-- readExcelData -->
  <system-out/>
  <testcase classname="INTERVIEW_JAVA.ToReadExcelData" name="InvokeMethod">
    <skipped/>
  </testcase> <!-- InvokeMethod -->
  <system-out/>
  <testcase classname="INTERVIEW_JAVA.ToReadExcelData" name="readExcelData1">
    <skipped/>
  </testcase> <!-- readExcelData1 -->
  <system-out/>
  <testcase classname="INTERVIEW_JAVA.ToReadExcelData" name="toWriteData">
    <skipped/>
  </testcase> <!-- toWriteData -->
  <system-out/>
  <testcase classname="INTERVIEW_JAVA.ToReadExcelData" name="toWriteDataUsingForEachLoop">
    <skipped/>
  </testcase> <!-- toWriteDataUsingForEachLoop -->
  <system-out/>
</testsuite> <!-- INTERVIEW_JAVA.ToReadExcelData -->
